Error:scalac: Error: scala.collection.mutable.Set$.apply(Lscala/collection/Seq;)Lscala/collection/GenTraversable;
java.lang.NoSuchMethodError: scala.collection.mutable.Set$.apply(Lscala/collection/Seq;)Lscala/collection/GenTraversable;
	at org.apache.flink.api.scala.codegen.TypeAnalyzer$class.$init$(TypeAnalyzer.scala:37)
	at org.apache.flink.api.scala.codegen.MacroContextHolder$$anon$1.<init>(MacroContextHolder.scala:30)
	at org.apache.flink.api.scala.codegen.MacroContextHolder$.newMacroHelper(MacroContextHolder.scala:30)
	at org.apache.flink.api.scala.typeutils.TypeUtils$.createTypeInfo(TypeUtils.scala:30)
	at sun.reflect.NativeMethodAccessorImpl.invoke0(Native Method)
	at sun.reflect.NativeMethodAccessorImpl.invoke(NativeMethodAccessorImpl.java:62)
	at sun.reflect.DelegatingMethodAccessorImpl.invoke(DelegatingMethodAccessorImpl.java:43)
	at java.lang.reflect.Method.invoke(Method.java:498)
	at scala.reflect.macros.runtime.JavaReflectionRuntimes$JavaReflectionResolvers.$anonfun$resolveJavaReflectionRuntime$6(JavaReflectionRuntimes.scala:51)
	at scala.tools.nsc.typechecker.Macros.macroExpandWithRuntime(Macros.scala:770)
	at scala.tools.nsc.typechecker.Macros.macroExpandWithRuntime$(Macros.scala:746)
	at scala.tools.nsc.Global$$anon$6.macroExpandWithRuntime(Global.scala:490)
	at scala.tools.nsc.typechecker.Macros$MacroExpander.$anonfun$expand$1(Macros.scala:576)
	at scala.tools.nsc.Global.withInfoLevel(Global.scala:233)
	at scala.tools.nsc.typechecker.Macros$MacroExpander.expand(Macros.scala:569)
	at scala.tools.nsc.typechecker.Macros$MacroExpander.apply(Macros.scala:556)
	at scala.tools.nsc.typechecker.Macros.standardMacroExpand(Macros.scala:731)
	at scala.tools.nsc.typechecker.Macros.standardMacroExpand$(Macros.scala:729)
	at scala.tools.nsc.Global$$anon$6.standardMacroExpand(Global.scala:490)
	at scala.tools.nsc.typechecker.AnalyzerPlugins$$anon$11.default(AnalyzerPlugins.scala:473)
	at scala.tools.nsc.typechecker.AnalyzerPlugins$$anon$11.default(AnalyzerPlugins.scala:470)
	at scala.tools.nsc.typechecker.AnalyzerPlugins.invoke(AnalyzerPlugins.scala:427)
	at scala.tools.nsc.typechecker.AnalyzerPlugins.pluginsMacroExpand(AnalyzerPlugins.scala:470)
	at scala.tools.nsc.typechecker.AnalyzerPlugins.pluginsMacroExpand$(AnalyzerPlugins.scala:470)
	at scala.tools.nsc.Global$$anon$6.pluginsMacroExpand(Global.scala:490)
	at scala.tools.nsc.typechecker.Macros.macroExpand(Macros.scala:720)
	at scala.tools.nsc.typechecker.Macros.macroExpand$(Macros.scala:713)
	at scala.tools.nsc.Global$$anon$6.macroExpand(Global.scala:490)
	at scala.tools.nsc.typechecker.Macros$$anon$4.transform(Macros.scala:909)
	at scala.tools.nsc.typechecker.Macros.macroExpandAll(Macros.scala:917)
	at scala.tools.nsc.typechecker.Macros.macroExpandAll$(Macros.scala:898)
	at scala.tools.nsc.Global$$anon$6.macroExpandAll(Global.scala:490)
	at scala.tools.nsc.typechecker.Macros.macroExpandWithRuntime(Macros.scala:755)
	at scala.tools.nsc.typechecker.Macros.macroExpandWithRuntime$(Macros.scala:746)
	at scala.tools.nsc.Global$$anon$6.macroExpandWithRuntime(Global.scala:490)
	at scala.tools.nsc.typechecker.Macros$MacroExpander.$anonfun$expand$1(Macros.scala:576)
	at scala.tools.nsc.Global.withInfoLevel(Global.scala:233)
	at scala.tools.nsc.typechecker.Macros$MacroExpander.expand(Macros.scala:569)
	at scala.tools.nsc.typechecker.Macros$MacroExpander.apply(Macros.scala:556)
	at scala.tools.nsc.typechecker.Macros.standardMacroExpand(Macros.scala:731)
	at scala.tools.nsc.typechecker.Macros.standardMacroExpand$(Macros.scala:729)
	at scala.tools.nsc.Global$$anon$6.standardMacroExpand(Global.scala:490)
	at scala.tools.nsc.typechecker.AnalyzerPlugins$$anon$11.default(AnalyzerPlugins.scala:473)
	at scala.tools.nsc.typechecker.AnalyzerPlugins$$anon$11.default(AnalyzerPlugins.scala:470)
	at scala.tools.nsc.typechecker.AnalyzerPlugins.invoke(AnalyzerPlugins.scala:427)
	at scala.tools.nsc.typechecker.AnalyzerPlugins.pluginsMacroExpand(AnalyzerPlugins.scala:470)
	at scala.tools.nsc.typechecker.AnalyzerPlugins.pluginsMacroExpand$(AnalyzerPlugins.scala:470)
	at scala.tools.nsc.Global$$anon$6.pluginsMacroExpand(Global.scala:490)
	at scala.tools.nsc.typechecker.Macros.macroExpand(Macros.scala:720)
	at scala.tools.nsc.typechecker.Macros.macroExpand$(Macros.scala:713)
	at scala.tools.nsc.Global$$anon$6.macroExpand(Global.scala:490)
	at scala.tools.nsc.typechecker.Macros$DefMacroExpander.onDelayed(Macros.scala:703)
	at scala.tools.nsc.typechecker.Macros$MacroExpander.$anonfun$expand$1(Macros.scala:590)
	at scala.tools.nsc.Global.withInfoLevel(Global.scala:233)
	at scala.tools.nsc.typechecker.Macros$MacroExpander.expand(Macros.scala:569)
	at scala.tools.nsc.typechecker.Macros$MacroExpander.apply(Macros.scala:556)
	at scala.tools.nsc.typechecker.Macros.standardMacroExpand(Macros.scala:731)
	at scala.tools.nsc.typechecker.Macros.standardMacroExpand$(Macros.scala:729)
	at scala.tools.nsc.Global$$anon$6.standardMacroExpand(Global.scala:490)
	at scala.tools.nsc.typechecker.AnalyzerPlugins$$anon$11.default(AnalyzerPlugins.scala:473)
	at scala.tools.nsc.typechecker.AnalyzerPlugins$$anon$11.default(AnalyzerPlugins.scala:470)
	at scala.tools.nsc.typechecker.AnalyzerPlugins.invoke(AnalyzerPlugins.scala:427)
	at scala.tools.nsc.typechecker.AnalyzerPlugins.pluginsMacroExpand(AnalyzerPlugins.scala:470)
	at scala.tools.nsc.typechecker.AnalyzerPlugins.pluginsMacroExpand$(AnalyzerPlugins.scala:470)
	at scala.tools.nsc.Global$$anon$6.pluginsMacroExpand(Global.scala:490)
	at scala.tools.nsc.typechecker.Macros.macroExpand(Macros.scala:720)
	at scala.tools.nsc.typechecker.Macros.macroExpand$(Macros.scala:713)
	at scala.tools.nsc.Global$$anon$6.macroExpand(Global.scala:490)
	at scala.tools.nsc.typechecker.Typers$Typer.vanillaAdapt$1(Typers.scala:1209)
	at scala.tools.nsc.typechecker.Typers$Typer.adapt(Typers.scala:1278)
	at scala.tools.nsc.typechecker.Typers$Typer.adapt(Typers.scala:1251)
	at scala.tools.nsc.typechecker.Typers$Typer.adapt(Typers.scala:1271)
	at scala.tools.nsc.typechecker.Implicits$ImplicitSearch.typedImplicit1(Implicits.scala:872)
	at scala.tools.nsc.typechecker.Implicits$ImplicitSearch.typedImplicit0(Implicits.scala:809)
	at scala.tools.nsc.typechecker.Implicits$ImplicitSearch.scala$tools$nsc$typechecker$Implicits$ImplicitSearch$$typedImplicit(Implicits.scala:628)
	at scala.tools.nsc.typechecker.Implicits$ImplicitSearch$ImplicitComputation.rankImplicits(Implicits.scala:1207)
	at scala.tools.nsc.typechecker.Implicits$ImplicitSearch$ImplicitComputation.findBest(Implicits.scala:1244)
	at scala.tools.nsc.typechecker.Implicits$ImplicitSearch.searchImplicit(Implicits.scala:1301)
	at scala.tools.nsc.typechecker.Implicits$ImplicitSearch.bestImplicit(Implicits.scala:1695)
	at scala.tools.nsc.typechecker.Implicits.inferImplicit1(Implicits.scala:112)
	at scala.tools.nsc.typechecker.Implicits.inferImplicit(Implicits.scala:91)
	at scala.tools.nsc.typechecker.Implicits.inferImplicit$(Implicits.scala:88)
	at scala.tools.nsc.Global$$anon$6.inferImplicit(Global.scala:490)
	at scala.tools.nsc.typechecker.Implicits.inferImplicitFor(Implicits.scala:46)
	at scala.tools.nsc.typechecker.Implicits.inferImplicitFor$(Implicits.scala:45)
	at scala.tools.nsc.Global$$anon$6.inferImplicitFor(Global.scala:490)
	at scala.tools.nsc.typechecker.Typers$Typer.applyImplicitArgs(Typers.scala:263)
	at scala.tools.nsc.typechecker.Typers$Typer.$anonfun$adapt$1(Typers.scala:869)
	at scala.tools.nsc.typechecker.Typers$Typer.adaptToImplicitMethod$1(Typers.scala:488)
	at scala.tools.nsc.typechecker.Typers$Typer.adapt(Typers.scala:1274)
	at scala.tools.nsc.typechecker.Typers$Typer.typed(Typers.scala:6056)
	at scala.tools.nsc.typechecker.Typers$Typer.computeType(Typers.scala:6130)
	at scala.tools.nsc.typechecker.Namers$Namer.assignTypeToTree(Namers.scala:1127)
	at scala.tools.nsc.typechecker.Namers$Namer.valDefSig(Namers.scala:1745)
	at scala.tools.nsc.typechecker.Namers$Namer.memberSig(Namers.scala:1930)
	at scala.tools.nsc.typechecker.Namers$Namer.typeSig(Namers.scala:1880)
	at scala.tools.nsc.typechecker.Namers$Namer$MonoTypeCompleter.completeImpl(Namers.scala:874)
	at scala.tools.nsc.typechecker.Namers$LockingTypeCompleter.complete(Namers.scala:2078)
	at scala.tools.nsc.typechecker.Namers$LockingTypeCompleter.complete$(Namers.scala:2076)
	at scala.tools.nsc.typechecker.Namers$TypeCompleterBase.complete(Namers.scala:2071)
	at scala.reflect.internal.Symbols$Symbol.completeInfo(Symbols.scala:1561)
	at scala.reflect.internal.Symbols$Symbol.info(Symbols.scala:1533)
	at scala.reflect.internal.Symbols$Symbol.initialize(Symbols.scala:1722)
	at scala.tools.nsc.typechecker.Typers$Typer.typed1(Typers.scala:5625)
	at scala.tools.nsc.typechecker.Typers$Typer.typed(Typers.scala:6041)
	at scala.tools.nsc.typechecker.Typers$Typer.typedStat$1(Typers.scala:6119)
	at scala.tools.nsc.typechecker.Typers$Typer.$anonfun$typedStats$8(Typers.scala:3410)
	at scala.tools.nsc.typechecker.Typers$Typer.typedStats(Typers.scala:3410)
	at scala.tools.nsc.typechecker.Typers$Typer.typedBlock(Typers.scala:2564)
	at scala.tools.nsc.typechecker.Typers$Typer.typedOutsidePatternMode$1(Typers.scala:5960)
	at scala.tools.nsc.typechecker.Typers$Typer.typed1(Typers.scala:5995)
	at scala.tools.nsc.typechecker.Typers$Typer.typed(Typers.scala:6041)
	at scala.tools.nsc.typechecker.Typers$Typer.typedDefDef(Typers.scala:6318)
	at scala.tools.nsc.typechecker.Typers$Typer.typed1(Typers.scala:5950)
	at scala.tools.nsc.typechecker.Typers$Typer.typed(Typers.scala:6041)
	at scala.tools.nsc.typechecker.Typers$Typer.typedStat$1(Typers.scala:6119)
	at scala.tools.nsc.typechecker.Typers$Typer.$anonfun$typedStats$8(Typers.scala:3410)
	at scala.tools.nsc.typechecker.Typers$Typer.typedStats(Typers.scala:3410)
	at scala.tools.nsc.typechecker.Typers$Typer.typedTemplate(Typers.scala:2064)
	at scala.tools.nsc.typechecker.Typers$Typer.typedModuleDef(Typers.scala:1940)
	at scala.tools.nsc.typechecker.Typers$Typer.typed1(Typers.scala:5952)
	at scala.tools.nsc.typechecker.Typers$Typer.typed(Typers.scala:6041)
	at scala.tools.nsc.typechecker.Typers$Typer.typedStat$1(Typers.scala:6119)
	at scala.tools.nsc.typechecker.Typers$Typer.$anonfun$typedStats$8(Typers.scala:3410)
	at scala.tools.nsc.typechecker.Typers$Typer.typedStats(Typers.scala:3410)
	at scala.tools.nsc.typechecker.Typers$Typer.typedPackageDef$1(Typers.scala:5634)
	at scala.tools.nsc.typechecker.Typers$Typer.typed1(Typers.scala:5954)
	at scala.tools.nsc.typechecker.Typers$Typer.typed(Typers.scala:6041)
	at scala.tools.nsc.typechecker.Analyzer$typerFactory$TyperPhase.apply(Analyzer.scala:117)
	at scala.tools.nsc.Global$GlobalPhase.applyPhase(Global.scala:459)
	at scala.tools.nsc.typechecker.Analyzer$typerFactory$TyperPhase.run(Analyzer.scala:106)
	at scala.tools.nsc.Global$Run.compileUnitsInternal(Global.scala:1524)
	at scala.tools.nsc.Global$Run.compileUnits(Global.scala:1508)
	at scala.tools.nsc.Global$Run.compileSources(Global.scala:1500)
	at scala.tools.nsc.Global$Run.compile(Global.scala:1634)
	at xsbt.CachedCompiler0.run(CompilerInterface.scala:130)
	at xsbt.CachedCompiler0.run(CompilerInterface.scala:105)
	at xsbt.CompilerInterface.run(CompilerInterface.scala:31)
	at sun.reflect.NativeMethodAccessorImpl.invoke0(Native Method)
	at sun.reflect.NativeMethodAccessorImpl.invoke(NativeMethodAccessorImpl.java:62)
	at sun.reflect.DelegatingMethodAccessorImpl.invoke(DelegatingMethodAccessorImpl.java:43)
	at java.lang.reflect.Method.invoke(Method.java:498)
	at sbt.internal.inc.AnalyzingCompiler.call(AnalyzingCompiler.scala:237)
	at sbt.internal.inc.AnalyzingCompiler.compile(AnalyzingCompiler.scala:111)
	at sbt.internal.inc.AnalyzingCompiler.compile(AnalyzingCompiler.scala:90)
	at org.jetbrains.jps.incremental.scala.local.IdeaIncrementalCompiler.compile(IdeaIncrementalCompiler.scala:40)
	at org.jetbrains.jps.incremental.scala.local.LocalServer.compile(LocalServer.scala:35)
	at org.jetbrains.jps.incremental.scala.remote.Main$.make(Main.scala:89)
	at org.jetbrains.jps.incremental.scala.remote.Main$.nailMain(Main.scala:35)
	at org.jetbrains.jps.incremental.scala.remote.Main.nailMain(Main.scala)
	at sun.reflect.NativeMethodAccessorImpl.invoke0(Native Method)
	at sun.reflect.NativeMethodAccessorImpl.invoke(NativeMethodAccessorImpl.java:62)
	at sun.reflect.DelegatingMethodAccessorImpl.invoke(DelegatingMethodAccessorImpl.java:43)
	at java.lang.reflect.Method.invoke(Method.java:498)
	at com.martiansoftware.nailgun.NGSession.run(NGSession.java:319)
